-I: Adding /home/cask0/home/mnguyen/apps/amber16/dat/leap/prep to search path.
-I: Adding /home/cask0/home/mnguyen/apps/amber16/dat/leap/lib to search path.
-I: Adding /home/cask0/home/mnguyen/apps/amber16/dat/leap/parm to search path.
-I: Adding /home/cask0/home/mnguyen/apps/amber16/dat/leap/cmd to search path.
-s: Ignoring startup file: leaprc
-f: Source makeLib_deprot.in.

Welcome to LEaP!
Sourcing: ./makeLib_deprot.in
Loading PDB file: ./PAH_deprot_head.pdb
  total atoms in file: 12
Loading PDB file: ./PAH_deprot_tail.pdb
  total atoms in file: 12
Building topology.
Building atom parameters.
Building topology.
Building atom parameters.
Building topology.
Building atom parameters.
----- Source: /home/cask0/home/mnguyen/apps/amber16/dat/leap/cmd/leaprc.ff99
----- Source of /home/cask0/home/mnguyen/apps/amber16/dat/leap/cmd/leaprc.ff99 done
Log file: ./leap.log
Loading parameters: /home/cask0/home/mnguyen/apps/amber16/dat/leap/parm/parm99.dat
Reading title:
PARM99 for DNA,RNA,AA, organic molecules, TIP3P wat. Polariz.& LP incl.02/04/99
Loading library: /home/cask0/home/mnguyen/apps/amber16/dat/leap/lib/all_nucleic94.lib
Loading library: /home/cask0/home/mnguyen/apps/amber16/dat/leap/lib/all_amino94.lib
Loading library: /home/cask0/home/mnguyen/apps/amber16/dat/leap/lib/all_aminoct94.lib
Loading library: /home/cask0/home/mnguyen/apps/amber16/dat/leap/lib/all_aminont94.lib
Loading library: /home/cask0/home/mnguyen/apps/amber16/dat/leap/lib/ions94.lib
Loading library: /home/cask0/home/mnguyen/apps/amber16/dat/leap/lib/solvents.lib
Checking 'ND'....
WARNING: There is a bond of 0.000000 angstroms between: 
-------  .R<ND 1>.A<N 4> and .R<ND 1>.A<HN1 11>
WARNING: There is a bond of 0.000000 angstroms between: 
-------  .R<ND 1>.A<N 4> and .R<ND 1>.A<HN2 12>
WARNING: There is a bond of 0.000000 angstroms between: 
-------  .R<ND 1>.A<CC 3> and .R<ND 1>.A<HC1 9>
WARNING: There is a bond of 0.000000 angstroms between: 
-------  .R<ND 1>.A<CC 3> and .R<ND 1>.A<HC2 10>
WARNING: There is a bond of 0.000000 angstroms between: 
-------  .R<ND 1>.A<CB 2> and .R<ND 1>.A<N 4>
WARNING: There is a bond of 0.000000 angstroms between: 
-------  .R<ND 1>.A<CB 2> and .R<ND 1>.A<HB1 7>
WARNING: There is a bond of 0.000000 angstroms between: 
-------  .R<ND 1>.A<CB 2> and .R<ND 1>.A<HB2 8>
WARNING: There is a bond of 0.000000 angstroms between: 
-------  .R<ND 1>.A<CA 1> and .R<ND 1>.A<HA1 5>
WARNING: There is a bond of 0.000000 angstroms between: 
-------  .R<ND 1>.A<CA 1> and .R<ND 1>.A<CB 2>
WARNING: There is a bond of 0.000000 angstroms between: 
-------  .R<ND 1>.A<CA 1> and .R<ND 1>.A<CC 3>
Warning: Close contact of 0.000000 angstroms between .R<ND 1>.A<HN2 12> and .R<ND 1>.A<HN1 11>
Warning: Close contact of 0.000000 angstroms between .R<ND 1>.A<HN2 12> and .R<ND 1>.A<HC2 10>
Warning: Close contact of 0.000000 angstroms between .R<ND 1>.A<HN2 12> and .R<ND 1>.A<HC1 9>
Warning: Close contact of 0.000000 angstroms between .R<ND 1>.A<HN2 12> and .R<ND 1>.A<HB2 8>
Warning: Close contact of 0.000000 angstroms between .R<ND 1>.A<HN2 12> and .R<ND 1>.A<HB1 7>
Warning: Close contact of 0.000000 angstroms between .R<ND 1>.A<HN2 12> and .R<ND 1>.A<HA1 5>
Warning: Close contact of 0.000000 angstroms between .R<ND 1>.A<HN2 12> and .R<ND 1>.A<CC 3>
Warning: Close contact of 0.000000 angstroms between .R<ND 1>.A<HN2 12> and .R<ND 1>.A<CB 2>
Warning: Close contact of 0.000000 angstroms between .R<ND 1>.A<HN2 12> and .R<ND 1>.A<CA 1>
Warning: Close contact of 0.000000 angstroms between .R<ND 1>.A<HN1 11> and .R<ND 1>.A<HC2 10>
Warning: Close contact of 0.000000 angstroms between .R<ND 1>.A<HN1 11> and .R<ND 1>.A<HC1 9>
Warning: Close contact of 0.000000 angstroms between .R<ND 1>.A<HN1 11> and .R<ND 1>.A<HB2 8>
Warning: Close contact of 0.000000 angstroms between .R<ND 1>.A<HN1 11> and .R<ND 1>.A<HB1 7>
Warning: Close contact of 0.000000 angstroms between .R<ND 1>.A<HN1 11> and .R<ND 1>.A<HA1 5>
Warning: Close contact of 0.000000 angstroms between .R<ND 1>.A<HN1 11> and .R<ND 1>.A<CC 3>
Warning: Close contact of 0.000000 angstroms between .R<ND 1>.A<HN1 11> and .R<ND 1>.A<CB 2>
Warning: Close contact of 0.000000 angstroms between .R<ND 1>.A<HN1 11> and .R<ND 1>.A<CA 1>
Warning: Close contact of 0.000000 angstroms between .R<ND 1>.A<HC2 10> and .R<ND 1>.A<HC1 9>
Warning: Close contact of 0.000000 angstroms between .R<ND 1>.A<HC2 10> and .R<ND 1>.A<HB2 8>
Warning: Close contact of 0.000000 angstroms between .R<ND 1>.A<HC2 10> and .R<ND 1>.A<HB1 7>
Warning: Close contact of 0.000000 angstroms between .R<ND 1>.A<HC2 10> and .R<ND 1>.A<HA1 5>
Warning: Close contact of 0.000000 angstroms between .R<ND 1>.A<HC2 10> and .R<ND 1>.A<N 4>
Warning: Close contact of 0.000000 angstroms between .R<ND 1>.A<HC2 10> and .R<ND 1>.A<CB 2>
Warning: Close contact of 0.000000 angstroms between .R<ND 1>.A<HC2 10> and .R<ND 1>.A<CA 1>
Warning: Close contact of 0.000000 angstroms between .R<ND 1>.A<HC1 9> and .R<ND 1>.A<HB2 8>
Warning: Close contact of 0.000000 angstroms between .R<ND 1>.A<HC1 9> and .R<ND 1>.A<HB1 7>
Warning: Close contact of 0.000000 angstroms between .R<ND 1>.A<HC1 9> and .R<ND 1>.A<HA1 5>
Warning: Close contact of 0.000000 angstroms between .R<ND 1>.A<HC1 9> and .R<ND 1>.A<N 4>
Warning: Close contact of 0.000000 angstroms between .R<ND 1>.A<HC1 9> and .R<ND 1>.A<CB 2>
Warning: Close contact of 0.000000 angstroms between .R<ND 1>.A<HC1 9> and .R<ND 1>.A<CA 1>
Warning: Close contact of 0.000000 angstroms between .R<ND 1>.A<HB2 8> and .R<ND 1>.A<HB1 7>
Warning: Close contact of 0.000000 angstroms between .R<ND 1>.A<HB2 8> and .R<ND 1>.A<HA1 5>
Warning: Close contact of 0.000000 angstroms between .R<ND 1>.A<HB2 8> and .R<ND 1>.A<N 4>
Warning: Close contact of 0.000000 angstroms between .R<ND 1>.A<HB2 8> and .R<ND 1>.A<CC 3>
Warning: Close contact of 0.000000 angstroms between .R<ND 1>.A<HB2 8> and .R<ND 1>.A<CA 1>
Warning: Close contact of 0.000000 angstroms between .R<ND 1>.A<HB1 7> and .R<ND 1>.A<HA1 5>
Warning: Close contact of 0.000000 angstroms between .R<ND 1>.A<HB1 7> and .R<ND 1>.A<N 4>
Warning: Close contact of 0.000000 angstroms between .R<ND 1>.A<HB1 7> and .R<ND 1>.A<CC 3>
Warning: Close contact of 0.000000 angstroms between .R<ND 1>.A<HB1 7> and .R<ND 1>.A<CA 1>
Warning: Close contact of 0.000000 angstroms between .R<ND 1>.A<HA1 5> and .R<ND 1>.A<N 4>
Warning: Close contact of 0.000000 angstroms between .R<ND 1>.A<HA1 5> and .R<ND 1>.A<CC 3>
Warning: Close contact of 0.000000 angstroms between .R<ND 1>.A<HA1 5> and .R<ND 1>.A<CB 2>
Warning: Close contact of 0.000000 angstroms between .R<ND 1>.A<N 4> and .R<ND 1>.A<CC 3>
Warning: Close contact of 0.000000 angstroms between .R<ND 1>.A<N 4> and .R<ND 1>.A<CA 1>
Warning: Close contact of 0.000000 angstroms between .R<ND 1>.A<CC 3> and .R<ND 1>.A<CB 2>
Checking parameters for unit 'ND'.
Checking for bond parameters.
Checking for angle parameters.
check:  Warnings: 55
Unit is OK.
Checking 'NHD'....
Checking parameters for unit 'NHD'.
Checking for bond parameters.
Checking for angle parameters.
Unit is OK.
Checking 'NTD'....
Checking parameters for unit 'NTD'.
Checking for bond parameters.
Checking for angle parameters.
Unit is OK.
	Quit
